<?xml version="1.0" encoding="UTF-8"?>
<!-- Generated by org.testng.reporters.JUnitXMLReporter -->
<testsuite ignored="0" hostname="Krishna_PC" failures="0" tests="4" name="Login Tests" time="21.18" errors="0" timestamp="2026-05-28T11:33:45 PDT">
  <testcase classname="tests.LoginTest" name="loginPageTest" time="1.476"/>
  <testcase classname="tests.LoginTest" name="loginPageTest" time="1.041"/>
  <testcase classname="tests.AccountsOverviewTest" name="accountsOverviewDisplaysCorrectly" time="2.148"/>
  <testcase classname="tests.FundsTransferTest" name="positiveFundsTransfer" time="5.243"/>
</testsuite> <!-- Login Tests -->
