<?xml version="1.0" encoding="UTF-8"?>
<!-- Generated by org.testng.reporters.JUnitReportReporter -->
<testsuite hostname="Krishna_PC" failures="0" tests="2" name="tests.ParaBank_Page_verification" time="7.823" errors="0" timestamp="2026-05-21T05:19:37 PDT" skipped="0">
  <testcase classname="tests.ParaBank_Page_verification" name="verifyRegisterPageIsOpened" time="2.626"/>
  <testcase classname="tests.ParaBank_Page_verification" name="signupFormTest" time="5.197"/>
</testsuite> <!-- tests.ParaBank_Page_verification -->
